<?xml version="1.0" encoding="UTF-8"?>
<!-- Generated by org.testng.reporters.JUnitXMLReporter -->
<testsuite ignored="0" hostname="LAPTOP-DGDR47U5" failures="2" tests="25" name="Testcases" time="975.894" errors="0" timestamp="2022-12-10T11:07:27 IST">
  <testcase classname="testCases.TC_001_AccountRegistration" name="test_accout_Registration" time="33.692"/>
  <testcase classname="testCases.TC_002_Login" name="test_Login" time="33.159"/>
  <testcase classname="testCases.TC_003_LoginDataDrivenTest" name="test_Login" time="39.456">
    <failure type="java.lang.AssertionError" message="expected [true] but found [false]">
      <![CDATA[java.lang.AssertionError: expected [true] but found [false]
at testCases.TC_003_LoginDataDrivenTest.test_Login(TC_003_LoginDataDrivenTest.java:57)
at java.base/java.util.ArrayList.forEach(ArrayList.java:1511)
... Removed 31 stack frames]]>
    </failure>
  </testcase> <!-- test_Login -->
  <testcase classname="testCases.TC_003_LoginDataDrivenTest" name="test_Login" time="34.543"/>
  <testcase classname="testCases.TC_003_LoginDataDrivenTest" name="test_Login" time="31.244"/>
  <testcase classname="testCases.TC_003_LoginDataDrivenTest" name="test_Login" time="31.169"/>
  <testcase classname="testCases.TC_003_LoginDataDrivenTest" name="test_Login" time="30.944"/>
  <testcase classname="testCases.TC_003_LoginDataDrivenTest" name="test_Login" time="30.981"/>
  <testcase classname="testCases.TC_004_ForgotPassword" name="forgotpwd" time="30.036"/>
  <testcase classname="testCases.TC_006_ProductCompare" name="pdtcmpWithProduct" time="9.505"/>
  <testcase classname="testCases.TC_007_ProductDisplay" name="iMac_ProductDisplay" time="30.014"/>
  <testcase classname="testCases.TC_008_AddToCart" name="pdt_AddToCart" time="30.054"/>
  <testcase classname="testCases.TC_009_WishList" name="wishList_if_no_pdts" time="60.111"/>
  <testcase classname="testCases.TC_009_WishList" name="pdtDisplay_to_WL" time="60.072"/>
  <testcase classname="testCases.TC_010_ShoppingCart" name="pdt_ShoppingCart" time="30.03"/>
  <testcase classname="testCases.TC_012_CheckOut" name="checkOut_WithOutPDTs" time="30.039"/>
  <testcase classname="testCases.TC_012_CheckOut" name="checkOut_WithPDTs_existingadd" time="30.019"/>
  <testcase classname="testCases.TC_012_CheckOut" name="chekOut_newAd_payment" time="30.041"/>
  <testcase classname="testCases.TC_012_CheckOut" name="checkout_newAddr_Shipping" time="30.062"/>
  <testcase classname="testCases.TC_013_MyAccount" name="MyAccount" time="30.056">
    <failure type="java.lang.AssertionError" message="expected [true] but found [false]">
      <![CDATA[java.lang.AssertionError: expected [true] but found [false]
at testCases.TC_013_MyAccount.MyAccount(TC_013_MyAccount.java:49)
at java.base/java.util.ArrayList.forEach(ArrayList.java:1511)
... Removed 31 stack frames]]>
    </failure>
  </testcase> <!-- MyAccount -->
  <testcase classname="testCases.TC_014_MyAccountInformation" name="MyAccountInformationn" time="30.033"/>
  <testcase classname="testCases.TC_016_AddressBook" name="AddNewAddress" time="60.073"/>
  <testcase classname="testCases.TC_016_AddressBook" name="makeDefault_Yes" time="60.088"/>
  <testcase classname="testCases.TC_016_AddressBook" name="default_Delete" time="60.045"/>
  <testcase classname="testCases.TC_016_AddressBook" name="delete_Account" time="60.114"/>
</testsuite> <!-- Testcases -->
